Determining if the pthread_create exist failed with the following output:
Change Dir: /media/yuqiong/DATA/rosproj/cb/build/CMakeFiles/CMakeTmp

Run Build Command:"/usr/bin/make" "cmTC_5fade/fast"
/usr/bin/make -f CMakeFiles/cmTC_5fade.dir/build.make CMakeFiles/cmTC_5fade.dir/build
make[1]: Entering directory '/media/yuqiong/DATA/rosproj/cb/build/CMakeFiles/CMakeTmp'
Building C object CMakeFiles/cmTC_5fade.dir/CheckSymbolExists.c.o
/usr/bin/cc     -o CMakeFiles/cmTC_5fade.dir/CheckSymbolExists.c.o   -c /media/yuqiong/DATA/rosproj/cb/build/CMakeFiles/CMakeTmp/CheckSymbolExists.c
Linking C executable cmTC_5fade
/usr/bin/cmake -E cmake_link_script CMakeFiles/cmTC_5fade.dir/link.txt --verbose=1
/usr/bin/cc       CMakeFiles/cmTC_5fade.dir/CheckSymbolExists.c.o  -o cmTC_5fade -rdynamic 
CMakeFiles/cmTC_5fade.dir/CheckSymbolExists.c.o: In function `main':
CheckSymbolExists.c:(.text+0x16): undefined reference to `pthread_create'
collect2: error: ld returned 1 exit status
CMakeFiles/cmTC_5fade.dir/build.make:97: recipe for target 'cmTC_5fade' failed
make[1]: *** [cmTC_5fade] Error 1
make[1]: Leaving directory '/media/yuqiong/DATA/rosproj/cb/build/CMakeFiles/CMakeTmp'
Makefile:126: recipe for target 'cmTC_5fade/fast' failed
make: *** [cmTC_5fade/fast] Error 2

File /media/yuqiong/DATA/rosproj/cb/build/CMakeFiles/CMakeTmp/CheckSymbolExists.c:
/* */
#include <pthread.h>

int main(int argc, char** argv)
{
  (void)argv;
#ifndef pthread_create
  return ((int*)(&pthread_create))[argc];
#else
  (void)argc;
  return 0;
#endif
}

Determining if the function pthread_create exists in the pthreads failed with the following output:
Change Dir: /media/yuqiong/DATA/rosproj/cb/build/CMakeFiles/CMakeTmp

Run Build Command:"/usr/bin/make" "cmTC_e5552/fast"
/usr/bin/make -f CMakeFiles/cmTC_e5552.dir/build.make CMakeFiles/cmTC_e5552.dir/build
make[1]: Entering directory '/media/yuqiong/DATA/rosproj/cb/build/CMakeFiles/CMakeTmp'
Building C object CMakeFiles/cmTC_e5552.dir/CheckFunctionExists.c.o
/usr/bin/cc    -DCHECK_FUNCTION_EXISTS=pthread_create   -o CMakeFiles/cmTC_e5552.dir/CheckFunctionExists.c.o   -c /usr/share/cmake-3.5/Modules/CheckFunctionExists.c
Linking C executable cmTC_e5552
/usr/bin/cmake -E cmake_link_script CMakeFiles/cmTC_e5552.dir/link.txt --verbose=1
/usr/bin/cc   -DCHECK_FUNCTION_EXISTS=pthread_create    CMakeFiles/cmTC_e5552.dir/CheckFunctionExists.c.o  -o cmTC_e5552 -rdynamic -lpthreads 
/usr/bin/ld: cannot find -lpthreads
collect2: error: ld returned 1 exit status
CMakeFiles/cmTC_e5552.dir/build.make:97: recipe for target 'cmTC_e5552' failed
make[1]: *** [cmTC_e5552] Error 1
make[1]: Leaving directory '/media/yuqiong/DATA/rosproj/cb/build/CMakeFiles/CMakeTmp'
Makefile:126: recipe for target 'cmTC_e5552/fast' failed
make: *** [cmTC_e5552/fast] Error 2


