Determining if the pthread_create exist failed with the following output:
Change Dir: /media/yuqiong/DATA/rosproj/tf_tutorials/build/CMakeFiles/CMakeTmp

Run Build Command:"/usr/bin/make" "cmTC_86882/fast"
/usr/bin/make -f CMakeFiles/cmTC_86882.dir/build.make CMakeFiles/cmTC_86882.dir/build
make[1]: Entering directory '/media/yuqiong/DATA/rosproj/tf_tutorials/build/CMakeFiles/CMakeTmp'
Building C object CMakeFiles/cmTC_86882.dir/CheckSymbolExists.c.o
/usr/bin/cc     -o CMakeFiles/cmTC_86882.dir/CheckSymbolExists.c.o   -c /media/yuqiong/DATA/rosproj/tf_tutorials/build/CMakeFiles/CMakeTmp/CheckSymbolExists.c
Linking C executable cmTC_86882
/usr/bin/cmake -E cmake_link_script CMakeFiles/cmTC_86882.dir/link.txt --verbose=1
/usr/bin/cc       CMakeFiles/cmTC_86882.dir/CheckSymbolExists.c.o  -o cmTC_86882 -rdynamic 
CMakeFiles/cmTC_86882.dir/CheckSymbolExists.c.o: In function `main':
CheckSymbolExists.c:(.text+0x16): undefined reference to `pthread_create'
collect2: error: ld returned 1 exit status
CMakeFiles/cmTC_86882.dir/build.make:97: recipe for target 'cmTC_86882' failed
make[1]: *** [cmTC_86882] Error 1
make[1]: Leaving directory '/media/yuqiong/DATA/rosproj/tf_tutorials/build/CMakeFiles/CMakeTmp'
Makefile:126: recipe for target 'cmTC_86882/fast' failed
make: *** [cmTC_86882/fast] Error 2

File /media/yuqiong/DATA/rosproj/tf_tutorials/build/CMakeFiles/CMakeTmp/CheckSymbolExists.c:
/* */
#include <pthread.h>

int main(int argc, char** argv)
{
  (void)argv;
#ifndef pthread_create
  return ((int*)(&pthread_create))[argc];
#else
  (void)argc;
  return 0;
#endif
}

Determining if the function pthread_create exists in the pthreads failed with the following output:
Change Dir: /media/yuqiong/DATA/rosproj/tf_tutorials/build/CMakeFiles/CMakeTmp

Run Build Command:"/usr/bin/make" "cmTC_f85cf/fast"
/usr/bin/make -f CMakeFiles/cmTC_f85cf.dir/build.make CMakeFiles/cmTC_f85cf.dir/build
make[1]: Entering directory '/media/yuqiong/DATA/rosproj/tf_tutorials/build/CMakeFiles/CMakeTmp'
Building C object CMakeFiles/cmTC_f85cf.dir/CheckFunctionExists.c.o
/usr/bin/cc    -DCHECK_FUNCTION_EXISTS=pthread_create   -o CMakeFiles/cmTC_f85cf.dir/CheckFunctionExists.c.o   -c /usr/share/cmake-3.5/Modules/CheckFunctionExists.c
Linking C executable cmTC_f85cf
/usr/bin/cmake -E cmake_link_script CMakeFiles/cmTC_f85cf.dir/link.txt --verbose=1
/usr/bin/cc   -DCHECK_FUNCTION_EXISTS=pthread_create    CMakeFiles/cmTC_f85cf.dir/CheckFunctionExists.c.o  -o cmTC_f85cf -rdynamic -lpthreads 
/usr/bin/ld: cannot find -lpthreads
collect2: error: ld returned 1 exit status
CMakeFiles/cmTC_f85cf.dir/build.make:97: recipe for target 'cmTC_f85cf' failed
make[1]: *** [cmTC_f85cf] Error 1
make[1]: Leaving directory '/media/yuqiong/DATA/rosproj/tf_tutorials/build/CMakeFiles/CMakeTmp'
Makefile:126: recipe for target 'cmTC_f85cf/fast' failed
make: *** [cmTC_f85cf/fast] Error 2


